{"/Users/matthewscott/Obsidian/devVault/.obsidian/plugins/Paper-latex-export/src/constants.ts": {"path":"/Users/matthewscott/Obsidian/devVault/.obsidian/plugins/Paper-latex-export/src/constants.ts","statementMap":{"0":{"start":{"line":1,"column":13},"end":{"line":1,"column":156}},"1":{"start":{"line":3,"column":13},"end":{"line":3,"column":84}},"2":{"start":{"line":5,"column":13},"end":{"line":5,"column":72}},"3":{"start":{"line":7,"column":13},"end":{"line":7,"column":77}},"4":{"start":{"line":9,"column":13},"end":{"line":9,"column":317}},"5":{"start":{"line":11,"column":13},"end":{"line":11,"column":525}},"6":{"start":{"line":13,"column":13},"end":{"line":13,"column":353}},"7":{"start":{"line":15,"column":13},"end":{"line":19,"column":2}}},"fnMap":{},"branchMap":{},"s":{"0":0,"1":0,"2":0,"3":0,"4":0,"5":0,"6":0,"7":0},"f":{},"b":{}}
,"/Users/matthewscott/Obsidian/devVault/.obsidian/plugins/Paper-latex-export/src/index.ts": {"path":"/Users/matthewscott/Obsidian/devVault/.obsidian/plugins/Paper-latex-export/src/index.ts","statementMap":{"0":{"start":{"line":1,"column":0},"end":{"line":1,"column":32}},"1":{"start":{"line":2,"column":0},"end":{"line":2,"column":34}},"2":{"start":{"line":3,"column":0},"end":{"line":3,"column":41}},"3":{"start":{"line":4,"column":0},"end":{"line":4,"column":48}},"4":{"start":{"line":5,"column":0},"end":{"line":5,"column":52}},"5":{"start":{"line":6,"column":0},"end":{"line":6,"column":64}},"6":{"start":{"line":7,"column":0},"end":{"line":7,"column":74}},"7":{"start":{"line":8,"column":0},"end":{"line":8,"column":51}},"8":{"start":{"line":9,"column":0},"end":{"line":9,"column":39}},"9":{"start":{"line":10,"column":0},"end":{"line":10,"column":37}},"10":{"start":{"line":11,"column":0},"end":{"line":11,"column":35}},"11":{"start":{"line":12,"column":0},"end":{"line":12,"column":30}},"12":{"start":{"line":13,"column":0},"end":{"line":13,"column":89}},"13":{"start":{"line":14,"column":0},"end":{"line":14,"column":115}},"14":{"start":{"line":16,"column":15},"end":{"line":146,"column":1}},"15":{"start":{"line":16,"column":32},"end":{"line":146,"column":1}},"16":{"start":{"line":22,"column":8},"end":{"line":22,"column":15}},"17":{"start":{"line":24,"column":4},"end":{"line":24,"column":28}},"18":{"start":{"line":28,"column":4},"end":{"line":87,"column":7}},"19":{"start":{"line":29,"column":25},"end":{"line":29,"column":114}},"20":{"start":{"line":30,"column":26},"end":{"line":30,"column":98}},"21":{"start":{"line":32,"column":8},"end":{"line":51,"column":null}},"22":{"start":{"line":33,"column":26},"end":{"line":33,"column":58}},"23":{"start":{"line":34,"column":29},"end":{"line":34,"column":100}},"24":{"start":{"line":34,"column":57},"end":{"line":34,"column":95}},"25":{"start":{"line":36,"column":12},"end":{"line":38,"column":null}},"26":{"start":{"line":36,"column":52},"end":{"line":36,"column":73}},"27":{"start":{"line":37,"column":16},"end":{"line":37,"column":28}},"28":{"start":{"line":40,"column":28},"end":{"line":40,"column":64}},"29":{"start":{"line":42,"column":12},"end":{"line":42,"column":38}},"30":{"start":{"line":42,"column":26},"end":{"line":42,"column":38}},"31":{"start":{"line":44,"column":30},"end":{"line":44,"column":91}},"32":{"start":{"line":46,"column":12},"end":{"line":46,"column":39}},"33":{"start":{"line":48,"column":12},"end":{"line":48,"column":56}},"34":{"start":{"line":50,"column":12},"end":{"line":50,"column":24}},"35":{"start":{"line":53,"column":8},"end":{"line":84,"column":null}},"36":{"start":{"line":54,"column":25},"end":{"line":76,"column":null}},"37":{"start":{"line":57,"column":33},"end":{"line":57,"column":65}},"38":{"start":{"line":59,"column":20},"end":{"line":61,"column":null}},"39":{"start":{"line":59,"column":73},"end":{"line":59,"column":119}},"40":{"start":{"line":60,"column":24},"end":{"line":60,"column":43}},"41":{"start":{"line":63,"column":20},"end":{"line":65,"column":null}},"42":{"start":{"line":64,"column":24},"end":{"line":64,"column":116}},"43":{"start":{"line":67,"column":20},"end":{"line":69,"column":null}},"44":{"start":{"line":68,"column":24},"end":{"line":68,"column":116}},"45":{"start":{"line":71,"column":20},"end":{"line":73,"column":null}},"46":{"start":{"line":72,"column":24},"end":{"line":72,"column":79}},"47":{"start":{"line":75,"column":20},"end":{"line":75,"column":75}},"48":{"start":{"line":79,"column":12},"end":{"line":79,"column":48}},"49":{"start":{"line":79,"column":36},"end":{"line":79,"column":48}},"50":{"start":{"line":81,"column":12},"end":{"line":81,"column":33}},"51":{"start":{"line":83,"column":12},"end":{"line":83,"column":70}},"52":{"start":{"line":86,"column":8},"end":{"line":86,"column":20}},"53":{"start":{"line":89,"column":4},"end":{"line":118,"column":7}},"54":{"start":{"line":90,"column":27},"end":{"line":90,"column":41}},"55":{"start":{"line":92,"column":8},"end":{"line":116,"column":null}},"56":{"start":{"line":93,"column":26},"end":{"line":93,"column":56}},"57":{"start":{"line":94,"column":36},"end":{"line":94,"column":62}},"58":{"start":{"line":95,"column":28},"end":{"line":95,"column":92}},"59":{"start":{"line":96,"column":25},"end":{"line":96,"column":50}},"60":{"start":{"line":98,"column":25},"end":{"line":111,"column":14}},"61":{"start":{"line":113,"column":12},"end":{"line":113,"column":51}},"62":{"start":{"line":115,"column":12},"end":{"line":115,"column":24}},"63":{"start":{"line":117,"column":8},"end":{"line":117,"column":20}},"64":{"start":{"line":120,"column":4},"end":{"line":145,"column":7}},"65":{"start":{"line":121,"column":26},"end":{"line":121,"column":40}},"66":{"start":{"line":122,"column":31},"end":{"line":122,"column":42}},"67":{"start":{"line":124,"column":8},"end":{"line":142,"column":null}},"68":{"start":{"line":125,"column":25},"end":{"line":135,"column":14}},"69":{"start":{"line":126,"column":16},"end":{"line":128,"column":null}},"70":{"start":{"line":126,"column":70},"end":{"line":126,"column":113}},"71":{"start":{"line":127,"column":20},"end":{"line":127,"column":36}},"72":{"start":{"line":130,"column":16},"end":{"line":132,"column":null}},"73":{"start":{"line":130,"column":50},"end":{"line":130,"column":93}},"74":{"start":{"line":131,"column":20},"end":{"line":131,"column":57}},"75":{"start":{"line":134,"column":16},"end":{"line":134,"column":46}},"76":{"start":{"line":137,"column":12},"end":{"line":137,"column":48}},"77":{"start":{"line":137,"column":36},"end":{"line":137,"column":48}},"78":{"start":{"line":139,"column":12},"end":{"line":139,"column":33}},"79":{"start":{"line":141,"column":12},"end":{"line":141,"column":82}},"80":{"start":{"line":144,"column":8},"end":{"line":144,"column":20}},"81":{"start":{"line":148,"column":0},"end":{"line":148,"column":9}},"82":{"start":{"line":148,"column":9},"end":{"line":148,"column":27}},"83":{"start":{"line":148,"column":27},"end":{"line":148,"column":64}},"84":{"start":{"line":150,"column":0},"end":{"line":150,"column":22}}},"fnMap":{"0":{"name":"(anonymous_0)","decl":{"start":{"line":16,"column":15},"end":{"line":16,"column":16}},"loc":{"start":{"line":16,"column":32},"end":{"line":146,"column":1}}},"1":{"name":"(anonymous_1)","decl":{"start":{"line":16,"column":32},"end":{"line":16,"column":33}},"loc":{"start":{"line":16,"column":45},"end":{"line":146,"column":1}}},"2":{"name":"(anonymous_2)","decl":{"start":{"line":28,"column":29},"end":{"line":28,"column":30}},"loc":{"start":{"line":28,"column":53},"end":{"line":87,"column":5}}},"3":{"name":"(anonymous_3)","decl":{"start":{"line":34,"column":49},"end":{"line":34,"column":52}},"loc":{"start":{"line":34,"column":54},"end":{"line":34,"column":97}}},"4":{"name":"(anonymous_4)","decl":{"start":{"line":36,"column":35},"end":{"line":36,"column":36}},"loc":{"start":{"line":36,"column":52},"end":{"line":36,"column":73}}},"5":{"name":"(anonymous_5)","decl":{"start":{"line":56,"column":16},"end":{"line":56,"column":17}},"loc":{"start":{"line":56,"column":53},"end":{"line":76,"column":17}}},"6":{"name":"(anonymous_6)","decl":{"start":{"line":59,"column":43},"end":{"line":59,"column":45}},"loc":{"start":{"line":59,"column":73},"end":{"line":59,"column":119}}},"7":{"name":"(anonymous_7)","decl":{"start":{"line":89,"column":30},"end":{"line":89,"column":31}},"loc":{"start":{"line":89,"column":54},"end":{"line":118,"column":5}}},"8":{"name":"(anonymous_8)","decl":{"start":{"line":120,"column":29},"end":{"line":120,"column":30}},"loc":{"start":{"line":120,"column":38},"end":{"line":145,"column":5}}},"9":{"name":"(anonymous_9)","decl":{"start":{"line":125,"column":59},"end":{"line":125,"column":60}},"loc":{"start":{"line":125,"column":78},"end":{"line":135,"column":13}}},"10":{"name":"(anonymous_10)","decl":{"start":{"line":126,"column":39},"end":{"line":126,"column":40}},"loc":{"start":{"line":126,"column":70},"end":{"line":126,"column":113}}},"11":{"name":"(anonymous_11)","decl":{"start":{"line":130,"column":39},"end":{"line":130,"column":40}},"loc":{"start":{"line":130,"column":50},"end":{"line":130,"column":93}}},"12":{"name":"(anonymous_12)","decl":{"start":{"line":148,"column":9},"end":{"line":148,"column":25}},"loc":{"start":{"line":148,"column":9},"end":{"line":148,"column":27}}},"13":{"name":"(anonymous_13)","decl":{"start":{"line":148,"column":27},"end":{"line":148,"column":46}},"loc":{"start":{"line":148,"column":27},"end":{"line":148,"column":64}}}},"branchMap":{"0":{"loc":{"start":{"line":18,"column":8},"end":{"line":18,"column":44}},"type":"default-arg","locations":[{"start":{"line":18,"column":25},"end":{"line":18,"column":44}}]},"1":{"loc":{"start":{"line":19,"column":8},"end":{"line":19,"column":33}},"type":"default-arg","locations":[{"start":{"line":19,"column":21},"end":{"line":19,"column":33}}]},"2":{"loc":{"start":{"line":20,"column":8},"end":{"line":20,"column":47}},"type":"default-arg","locations":[{"start":{"line":20,"column":28},"end":{"line":20,"column":47}}]},"3":{"loc":{"start":{"line":21,"column":8},"end":{"line":21,"column":34}},"type":"default-arg","locations":[{"start":{"line":21,"column":18},"end":{"line":21,"column":34}}]},"4":{"loc":{"start":{"line":32,"column":8},"end":{"line":51,"column":null}},"type":"if","locations":[{"start":{"line":32,"column":8},"end":{"line":51,"column":null}}]},"5":{"loc":{"start":{"line":34,"column":29},"end":{"line":34,"column":100}},"type":"cond-expr","locations":[{"start":{"line":34,"column":37},"end":{"line":34,"column":45}},{"start":{"line":34,"column":48},"end":{"line":34,"column":100}}]},"6":{"loc":{"start":{"line":36,"column":12},"end":{"line":38,"column":null}},"type":"if","locations":[{"start":{"line":36,"column":12},"end":{"line":38,"column":null}}]},"7":{"loc":{"start":{"line":42,"column":12},"end":{"line":42,"column":38}},"type":"if","locations":[{"start":{"line":42,"column":12},"end":{"line":42,"column":38}}]},"8":{"loc":{"start":{"line":53,"column":8},"end":{"line":84,"column":null}},"type":"if","locations":[{"start":{"line":53,"column":8},"end":{"line":84,"column":null}}]},"9":{"loc":{"start":{"line":59,"column":20},"end":{"line":61,"column":null}},"type":"if","locations":[{"start":{"line":59,"column":20},"end":{"line":61,"column":null}}]},"10":{"loc":{"start":{"line":59,"column":73},"end":{"line":59,"column":119}},"type":"binary-expr","locations":[{"start":{"line":59,"column":73},"end":{"line":59,"column":94}},{"start":{"line":59,"column":98},"end":{"line":59,"column":119}}]},"11":{"loc":{"start":{"line":63,"column":20},"end":{"line":65,"column":null}},"type":"if","locations":[{"start":{"line":63,"column":20},"end":{"line":65,"column":null}}]},"12":{"loc":{"start":{"line":63,"column":24},"end":{"line":63,"column":39}},"type":"binary-expr","locations":[{"start":{"line":63,"column":24},"end":{"line":63,"column":31}},{"start":{"line":63,"column":35},"end":{"line":63,"column":39}}]},"13":{"loc":{"start":{"line":67,"column":20},"end":{"line":69,"column":null}},"type":"if","locations":[{"start":{"line":67,"column":20},"end":{"line":69,"column":null}}]},"14":{"loc":{"start":{"line":71,"column":20},"end":{"line":73,"column":null}},"type":"if","locations":[{"start":{"line":71,"column":20},"end":{"line":73,"column":null}}]},"15":{"loc":{"start":{"line":79,"column":12},"end":{"line":79,"column":48}},"type":"if","locations":[{"start":{"line":79,"column":12},"end":{"line":79,"column":48}}]},"16":{"loc":{"start":{"line":92,"column":8},"end":{"line":116,"column":null}},"type":"if","locations":[{"start":{"line":92,"column":8},"end":{"line":116,"column":null}}]},"17":{"loc":{"start":{"line":94,"column":36},"end":{"line":94,"column":62}},"type":"cond-expr","locations":[{"start":{"line":94,"column":44},"end":{"line":94,"column":49}},{"start":{"line":94,"column":52},"end":{"line":94,"column":62}}]},"18":{"loc":{"start":{"line":101,"column":22},"end":{"line":106,"column":26}},"type":"cond-expr","locations":[{"start":{"line":101,"column":29},"end":{"line":106,"column":22}},{"start":{"line":106,"column":24},"end":{"line":106,"column":26}}]},"19":{"loc":{"start":{"line":103,"column":30},"end":{"line":103,"column":83}},"type":"cond-expr","locations":[{"start":{"line":103,"column":37},"end":{"line":103,"column":78}},{"start":{"line":103,"column":81},"end":{"line":103,"column":83}}]},"20":{"loc":{"start":{"line":104,"column":63},"end":{"line":104,"column":90}},"type":"binary-expr","locations":[{"start":{"line":104,"column":63},"end":{"line":104,"column":68}},{"start":{"line":104,"column":72},"end":{"line":104,"column":90}}]},"21":{"loc":{"start":{"line":124,"column":8},"end":{"line":142,"column":null}},"type":"if","locations":[{"start":{"line":124,"column":8},"end":{"line":142,"column":null}}]},"22":{"loc":{"start":{"line":126,"column":16},"end":{"line":128,"column":null}},"type":"if","locations":[{"start":{"line":126,"column":16},"end":{"line":128,"column":null}}]},"23":{"loc":{"start":{"line":126,"column":70},"end":{"line":126,"column":113}},"type":"binary-expr","locations":[{"start":{"line":126,"column":70},"end":{"line":126,"column":88}},{"start":{"line":126,"column":92},"end":{"line":126,"column":113}}]},"24":{"loc":{"start":{"line":130,"column":16},"end":{"line":132,"column":null}},"type":"if","locations":[{"start":{"line":130,"column":16},"end":{"line":132,"column":null}}]},"25":{"loc":{"start":{"line":130,"column":50},"end":{"line":130,"column":93}},"type":"binary-expr","locations":[{"start":{"line":130,"column":50},"end":{"line":130,"column":69}},{"start":{"line":130,"column":73},"end":{"line":130,"column":93}}]},"26":{"loc":{"start":{"line":137,"column":12},"end":{"line":137,"column":48}},"type":"if","locations":[{"start":{"line":137,"column":12},"end":{"line":137,"column":48}}]}},"s":{"0":0,"1":0,"2":0,"3":0,"4":0,"5":0,"6":0,"7":0,"8":0,"9":0,"10":0,"11":0,"12":0,"13":0,"14":0,"15":0,"16":0,"17":0,"18":0,"19":0,"20":0,"21":0,"22":0,"23":0,"24":0,"25":0,"26":0,"27":0,"28":0,"29":0,"30":0,"31":0,"32":0,"33":0,"34":0,"35":0,"36":0,"37":0,"38":0,"39":0,"40":0,"41":0,"42":0,"43":0,"44":0,"45":0,"46":0,"47":0,"48":0,"49":0,"50":0,"51":0,"52":0,"53":0,"54":0,"55":0,"56":0,"57":0,"58":0,"59":0,"60":0,"61":0,"62":0,"63":0,"64":0,"65":0,"66":0,"67":0,"68":0,"69":0,"70":0,"71":0,"72":0,"73":0,"74":0,"75":0,"76":0,"77":0,"78":0,"79":0,"80":0,"81":0,"82":0,"83":0,"84":0},"f":{"0":0,"1":0,"2":0,"3":0,"4":0,"5":0,"6":0,"7":0,"8":0,"9":0,"10":0,"11":0,"12":0,"13":0},"b":{"0":[0],"1":[0],"2":[0],"3":[0],"4":[0],"5":[0,0],"6":[0],"7":[0],"8":[0],"9":[0],"10":[0,0],"11":[0],"12":[0,0],"13":[0],"14":[0],"15":[0],"16":[0],"17":[0,0],"18":[0,0],"19":[0,0],"20":[0,0],"21":[0],"22":[0],"23":[0,0],"24":[0],"25":[0,0],"26":[0]}}
,"/Users/matthewscott/Obsidian/devVault/.obsidian/plugins/Paper-latex-export/src/utils.ts": {"path":"/Users/matthewscott/Obsidian/devVault/.obsidian/plugins/Paper-latex-export/src/utils.ts","statementMap":{"0":{"start":{"line":1,"column":0},"end":{"line":1,"column":25}},"1":{"start":{"line":2,"column":0},"end":{"line":2,"column":29}},"2":{"start":{"line":3,"column":0},"end":{"line":3,"column":30}},"3":{"start":{"line":4,"column":0},"end":{"line":4,"column":67}},"4":{"start":{"line":6,"column":34},"end":{"line":14,"column":1}},"5":{"start":{"line":7,"column":24},"end":{"line":7,"column":59}},"6":{"start":{"line":9,"column":4},"end":{"line":9,"column":32}},"7":{"start":{"line":9,"column":22},"end":{"line":9,"column":32}},"8":{"start":{"line":11,"column":34},"end":{"line":11,"column":45}},"9":{"start":{"line":13,"column":4},"end":{"line":13,"column":36}},"10":{"start":{"line":6,"column":13},"end":{"line":6,"column":34}},"11":{"start":{"line":16,"column":26},"end":{"line":28,"column":1}},"12":{"start":{"line":17,"column":4},"end":{"line":17,"column":30}},"13":{"start":{"line":17,"column":17},"end":{"line":17,"column":30}},"14":{"start":{"line":18,"column":17},"end":{"line":18,"column":40}},"15":{"start":{"line":20,"column":4},"end":{"line":25,"column":null}},"16":{"start":{"line":21,"column":25},"end":{"line":21,"column":54}},"17":{"start":{"line":22,"column":25},"end":{"line":22,"column":53}},"18":{"start":{"line":24,"column":8},"end":{"line":24,"column":26}},"19":{"start":{"line":27,"column":4},"end":{"line":27,"column":49}},"20":{"start":{"line":16,"column":13},"end":{"line":16,"column":26}},"21":{"start":{"line":30,"column":33},"end":{"line":40,"column":1}},"22":{"start":{"line":31,"column":18},"end":{"line":31,"column":103}},"23":{"start":{"line":31,"column":69},"end":{"line":31,"column":102}},"24":{"start":{"line":32,"column":16},"end":{"line":32,"column":105}},"25":{"start":{"line":32,"column":67},"end":{"line":32,"column":104}},"26":{"start":{"line":34,"column":4},"end":{"line":34,"column":29}},"27":{"start":{"line":34,"column":22},"end":{"line":34,"column":29}},"28":{"start":{"line":36,"column":29},"end":{"line":36,"column":82}},"29":{"start":{"line":37,"column":4},"end":{"line":37,"column":50}},"30":{"start":{"line":39,"column":4},"end":{"line":39,"column":28}},"31":{"start":{"line":30,"column":13},"end":{"line":30,"column":33}},"32":{"start":{"line":56,"column":33},"end":{"line":62,"column":1}},"33":{"start":{"line":57,"column":21},"end":{"line":57,"column":63}},"34":{"start":{"line":59,"column":4},"end":{"line":59,"column":46}},"35":{"start":{"line":59,"column":34},"end":{"line":59,"column":46}},"36":{"start":{"line":61,"column":4},"end":{"line":61,"column":45}},"37":{"start":{"line":56,"column":13},"end":{"line":56,"column":33}},"38":{"start":{"line":64,"column":32},"end":{"line":77,"column":1}},"39":{"start":{"line":65,"column":20},"end":{"line":65,"column":60}},"40":{"start":{"line":67,"column":4},"end":{"line":67,"column":35}},"41":{"start":{"line":67,"column":16},"end":{"line":67,"column":35}},"42":{"start":{"line":69,"column":36},"end":{"line":69,"column":41}},"43":{"start":{"line":70,"column":17},"end":{"line":70,"column":35}},"44":{"start":{"line":72,"column":4},"end":{"line":76,"column":6}},"45":{"start":{"line":64,"column":13},"end":{"line":64,"column":32}},"46":{"start":{"line":79,"column":35},"end":{"line":82,"column":1}},"47":{"start":{"line":80,"column":18},"end":{"line":80,"column":87}},"48":{"start":{"line":81,"column":4},"end":{"line":81,"column":73}},"49":{"start":{"line":81,"column":35},"end":{"line":81,"column":71}},"50":{"start":{"line":79,"column":13},"end":{"line":79,"column":35}},"51":{"start":{"line":84,"column":0},"end":{"line":92,"column":2}}},"fnMap":{"0":{"name":"(anonymous_0)","decl":{"start":{"line":6,"column":34},"end":{"line":6,"column":35}},"loc":{"start":{"line":6,"column":54},"end":{"line":14,"column":1}}},"1":{"name":"(anonymous_1)","decl":{"start":{"line":16,"column":26},"end":{"line":16,"column":27}},"loc":{"start":{"line":16,"column":59},"end":{"line":28,"column":1}}},"2":{"name":"(anonymous_2)","decl":{"start":{"line":30,"column":33},"end":{"line":30,"column":34}},"loc":{"start":{"line":30,"column":46},"end":{"line":40,"column":1}}},"3":{"name":"(anonymous_3)","decl":{"start":{"line":31,"column":42},"end":{"line":31,"column":44}},"loc":{"start":{"line":31,"column":69},"end":{"line":31,"column":102}}},"4":{"name":"(anonymous_4)","decl":{"start":{"line":32,"column":40},"end":{"line":32,"column":42}},"loc":{"start":{"line":32,"column":67},"end":{"line":32,"column":104}}},"5":{"name":"(anonymous_5)","decl":{"start":{"line":56,"column":33},"end":{"line":56,"column":34}},"loc":{"start":{"line":56,"column":66},"end":{"line":62,"column":1}}},"6":{"name":"(anonymous_6)","decl":{"start":{"line":64,"column":32},"end":{"line":64,"column":33}},"loc":{"start":{"line":64,"column":79},"end":{"line":77,"column":1}}},"7":{"name":"(anonymous_7)","decl":{"start":{"line":79,"column":35},"end":{"line":79,"column":36}},"loc":{"start":{"line":79,"column":78},"end":{"line":82,"column":1}}},"8":{"name":"(anonymous_8)","decl":{"start":{"line":81,"column":21},"end":{"line":81,"column":22}},"loc":{"start":{"line":81,"column":35},"end":{"line":81,"column":71}}}},"branchMap":{"0":{"loc":{"start":{"line":9,"column":4},"end":{"line":9,"column":32}},"type":"if","locations":[{"start":{"line":9,"column":4},"end":{"line":9,"column":32}}]},"1":{"loc":{"start":{"line":17,"column":4},"end":{"line":17,"column":30}},"type":"if","locations":[{"start":{"line":17,"column":4},"end":{"line":17,"column":30}}]},"2":{"loc":{"start":{"line":20,"column":4},"end":{"line":25,"column":null}},"type":"if","locations":[{"start":{"line":20,"column":4},"end":{"line":25,"column":null}}]},"3":{"loc":{"start":{"line":31,"column":69},"end":{"line":31,"column":89}},"type":"cond-expr","locations":[{"start":{"line":31,"column":81},"end":{"line":31,"column":83}},{"start":{"line":31,"column":69},"end":{"line":31,"column":89}}]},"4":{"loc":{"start":{"line":31,"column":69},"end":{"line":31,"column":83}},"type":"binary-expr","locations":[{"start":{"line":31,"column":69},"end":{"line":31,"column":83}},{"start":{"line":31,"column":69},"end":{"line":31,"column":83}}]},"5":{"loc":{"start":{"line":32,"column":67},"end":{"line":32,"column":87}},"type":"cond-expr","locations":[{"start":{"line":32,"column":79},"end":{"line":32,"column":81}},{"start":{"line":32,"column":67},"end":{"line":32,"column":87}}]},"6":{"loc":{"start":{"line":32,"column":67},"end":{"line":32,"column":81}},"type":"binary-expr","locations":[{"start":{"line":32,"column":67},"end":{"line":32,"column":81}},{"start":{"line":32,"column":67},"end":{"line":32,"column":81}}]},"7":{"loc":{"start":{"line":34,"column":4},"end":{"line":34,"column":29}},"type":"if","locations":[{"start":{"line":34,"column":4},"end":{"line":34,"column":29}}]},"8":{"loc":{"start":{"line":36,"column":30},"end":{"line":36,"column":69}},"type":"cond-expr","locations":[{"start":{"line":36,"column":43},"end":{"line":36,"column":63}},{"start":{"line":36,"column":66},"end":{"line":36,"column":69}}]},"9":{"loc":{"start":{"line":59,"column":4},"end":{"line":59,"column":46}},"type":"if","locations":[{"start":{"line":59,"column":4},"end":{"line":59,"column":46}}]},"10":{"loc":{"start":{"line":64,"column":50},"end":{"line":64,"column":75}},"type":"default-arg","locations":[{"start":{"line":64,"column":65},"end":{"line":64,"column":75}}]},"11":{"loc":{"start":{"line":67,"column":4},"end":{"line":67,"column":35}},"type":"if","locations":[{"start":{"line":67,"column":4},"end":{"line":67,"column":35}}]},"12":{"loc":{"start":{"line":73,"column":14},"end":{"line":73,"column":77}},"type":"cond-expr","locations":[{"start":{"line":73,"column":24},"end":{"line":73,"column":70}},{"start":{"line":73,"column":73},"end":{"line":73,"column":77}}]},"13":{"loc":{"start":{"line":74,"column":15},"end":{"line":74,"column":46}},"type":"binary-expr","locations":[{"start":{"line":74,"column":15},"end":{"line":74,"column":19}},{"start":{"line":74,"column":24},"end":{"line":74,"column":45}}]},"14":{"loc":{"start":{"line":74,"column":24},"end":{"line":74,"column":45}},"type":"cond-expr","locations":[{"start":{"line":74,"column":34},"end":{"line":74,"column":38}},{"start":{"line":74,"column":41},"end":{"line":74,"column":45}}]},"15":{"loc":{"start":{"line":79,"column":49},"end":{"line":79,"column":74}},"type":"default-arg","locations":[{"start":{"line":79,"column":64},"end":{"line":79,"column":74}}]},"16":{"loc":{"start":{"line":80,"column":18},"end":{"line":80,"column":87}},"type":"binary-expr","locations":[{"start":{"line":80,"column":18},"end":{"line":80,"column":81}},{"start":{"line":80,"column":85},"end":{"line":80,"column":87}}]}},"s":{"0":0,"1":0,"2":0,"3":0,"4":0,"5":0,"6":0,"7":0,"8":0,"9":0,"10":0,"11":0,"12":0,"13":0,"14":0,"15":0,"16":0,"17":0,"18":0,"19":0,"20":0,"21":0,"22":0,"23":0,"24":0,"25":0,"26":0,"27":0,"28":0,"29":0,"30":0,"31":0,"32":0,"33":0,"34":0,"35":0,"36":0,"37":0,"38":0,"39":0,"40":0,"41":0,"42":0,"43":0,"44":0,"45":0,"46":0,"47":0,"48":0,"49":0,"50":0,"51":0},"f":{"0":0,"1":0,"2":0,"3":0,"4":0,"5":0,"6":0,"7":0,"8":0},"b":{"0":[0],"1":[0],"2":[0],"3":[0,0],"4":[0,0],"5":[0,0],"6":[0,0],"7":[0],"8":[0,0],"9":[0],"10":[0],"11":[0],"12":[0,0],"13":[0,0],"14":[0,0],"15":[0],"16":[0,0]}}
}
